# JRE version: Java(TM) SE Runtime Environment (23.0.1+11) (build 23.0.1+11-39)
# Java VM: Java HotSpot(TM) 64-Bit Server VM (23.0.1+11-39, mixed mode, sharing, tiered, compressed oops, compressed class ptrs, g1 gc, windows-amd64)
GC Precious Log:
 CardTable entry size: 512
 Card Set container configuration: InlinePtr #cards 4 size 8 Array Of Cards #cards 16 size 48 Howl #buckets 8 coarsen threshold 3686 Howl Bitmap #cards 512 size 80 coarsen threshold 460 Card regions per heap region 1 cards per card region 4096
 CPUs: 12 total, 12 available
 Memory: 15775M
 Large Page Support: Disabled
 NUMA Support: Disabled
 Compressed Oops: Enabled (Zero based)
 Heap Region Size: 2M
 Heap Min Capacity: 8M
 Heap Initial Capacity: 248M
 Heap Max Capacity: 3944M
 Pre-touch: Disabled
 Parallel Workers: 10
 Concurrent Workers: 3
 Concurrent Refinement Workers: 10
 Periodic GC: Disabled
Heap:
 garbage-first heap   total reserved 4038656K, committed 49152K, used 25180K [0x0000000709800000, 0x0000000800000000)
  region size 2048K, 11 young (22528K), 3 survivors (6144K)
 Metaspace       used 24139K, committed 24512K, reserved 1114112K
  class space    used 3466K, committed 3648K, reserved 1048576K
GC Heap History (8 events):
Event: 0.748 GC heap before
{Heap before GC invocations=0 (full 0):
 garbage-first heap   total reserved 4038656K, committed 253952K, used 22528K [0x0000000709800000, 0x0000000800000000)
  region size 2048K, 12 young (24576K), 0 survivors (0K)
 Metaspace       used 4256K, committed 4416K, reserved 1114112K
  class space    used 512K, committed 576K, reserved 1048576K
}
Event: 0.751 GC heap after
{Heap after GC invocations=1 (full 0):
 garbage-first heap   total reserved 4038656K, committed 253952K, used 3207K [0x0000000709800000, 0x0000000800000000)
  region size 2048K, 2 young (4096K), 2 survivors (4096K)
 Metaspace       used 4256K, committed 4416K, reserved 1114112K
  class space    used 512K, committed 576K, reserved 1048576K
}
Event: 1.081 GC heap before
{Heap before GC invocations=1 (full 0):
 garbage-first heap   total reserved 4038656K, committed 253952K, used 27783K [0x0000000709800000, 0x0000000800000000)
  region size 2048K, 14 young (28672K), 2 survivors (4096K)
 Metaspace       used 8708K, committed 8896K, reserved 1114112K
  class space    used 1152K, committed 1216K, reserved 1048576K
}
Event: 1.084 GC heap after
{Heap after GC invocations=2 (full 0):
 garbage-first heap   total reserved 4038656K, committed 253952K, used 6165K [0x0000000709800000, 0x0000000800000000)
  region size 2048K, 2 young (4096K), 2 survivors (4096K)
 Metaspace       used 8708K, committed 8896K, reserved 1114112K
  class space    used 1152K, committed 1216K, reserved 1048576K
}
Event: 75.471 GC heap before
{Heap before GC invocations=2 (full 0):
 garbage-first heap   total reserved 4038656K, committed 253952K, used 65557K [0x0000000709800000, 0x0000000800000000)
  region size 2048K, 30 young (61440K), 2 survivors (4096K)
 Metaspace       used 18319K, committed 18688K, reserved 1114112K
  class space    used 2762K, committed 2944K, reserved 1048576K
}
Event: 75.475 GC heap after
{Heap after GC invocations=3 (full 0):
 garbage-first heap   total reserved 4038656K, committed 253952K, used 12026K [0x0000000709800000, 0x0000000800000000)
  region size 2048K, 4 young (8192K), 4 survivors (8192K)
 Metaspace       used 18319K, committed 18688K, reserved 1114112K
  class space    used 2762K, committed 2944K, reserved 1048576K
}
Event: 77.607 GC heap before
{Heap before GC invocations=3 (full 0):
 garbage-first heap   total reserved 4038656K, committed 253952K, used 16122K [0x0000000709800000, 0x0000000800000000)
  region size 2048K, 7 young (14336K), 4 survivors (8192K)
 Metaspace       used 21175K, committed 21504K, reserved 1114112K
  class space    used 3090K, committed 3264K, reserved 1048576K
}
Event: 77.610 GC heap after
{Heap after GC invocations=4 (full 0):
 garbage-first heap   total reserved 4038656K, committed 253952K, used 12892K [0x0000000709800000, 0x0000000800000000)
  region size 2048K, 3 young (6144K), 3 survivors (6144K)
 Metaspace       used 21175K, committed 21504K, reserved 1114112K
  class space    used 3090K, committed 3264K, reserved 1048576K
}

